# JRE version: Java(TM) SE Runtime Environment (17.0.12+8) (build 17.0.12+8-LTS-286)
# Java VM: Java HotSpot(TM) 64-Bit Server VM (17.0.12+8-LTS-286, mixed mode, sharing, tiered, compressed oops, compressed class ptrs, g1 gc, windows-amd64)
GC Precious Log:
 CPUs: 4 total, 4 available
 Memory: 8072M
 Large Page Support: Disabled
 NUMA Support: Disabled
 Compressed Oops: Enabled (32-bit)
 Heap Region Size: 1M
 Heap Min Capacity: 8M
 Heap Initial Capacity: 128M
 Heap Max Capacity: 2020M
 Pre-touch: Disabled
 Parallel Workers: 4
 Concurrent Workers: 1
 Concurrent Refinement Workers: 4
 Periodic GC: Disabled
Heap:
 garbage-first heap   total 58368K, used 40186K [0x0000000081c00000, 0x0000000100000000)
  region size 1024K, 16 young (16384K), 3 survivors (3072K)
 Metaspace       used 63813K, committed 64448K, reserved 1114112K
  class space    used 8870K, committed 9152K, reserved 1048576K
GC Heap History (20 events):
Event: 6.228 GC heap before
{Heap before GC invocations=5 (full 0):
 garbage-first heap   total 58368K, used 41292K [0x0000000081c00000, 0x0000000100000000)
  region size 1024K, 34 young (34816K), 8 survivors (8192K)
 Metaspace       used 25803K, committed 26240K, reserved 1114112K
  class space    used 3352K, committed 3584K, reserved 1048576K
}
Event: 6.254 GC heap after
{Heap after GC invocations=6 (full 0):
 garbage-first heap   total 58368K, used 17185K [0x0000000081c00000, 0x0000000100000000)
  region size 1024K, 3 young (3072K), 3 survivors (3072K)
 Metaspace       used 25803K, committed 26240K, reserved 1114112K
  class space    used 3352K, committed 3584K, reserved 1048576K
}
Event: 6.306 GC heap before
{Heap before GC invocations=6 (full 0):
 garbage-first heap   total 58368K, used 18209K [0x0000000081c00000, 0x0000000100000000)
  region size 1024K, 4 young (4096K), 3 survivors (3072K)
 Metaspace       used 25859K, committed 26304K, reserved 1114112K
  class space    used 3359K, committed 3584K, reserved 1048576K
}
Event: 6.315 GC heap after
{Heap after GC invocations=7 (full 0):
 garbage-first heap   total 58368K, used 17562K [0x0000000081c00000, 0x0000000100000000)
  region size 1024K, 1 young (1024K), 1 survivors (1024K)
 Metaspace       used 25859K, committed 26304K, reserved 1114112K
  class space    used 3359K, committed 3584K, reserved 1048576K
}
Event: 8.208 GC heap before
{Heap before GC invocations=7 (full 0):
 garbage-first heap   total 58368K, used 40090K [0x0000000081c00000, 0x0000000100000000)
  region size 1024K, 24 young (24576K), 1 survivors (1024K)
 Metaspace       used 30997K, committed 31488K, reserved 1114112K
  class space    used 3974K, committed 4224K, reserved 1048576K
}
Event: 8.215 GC heap after
{Heap after GC invocations=8 (full 0):
 garbage-first heap   total 58368K, used 18600K [0x0000000081c00000, 0x0000000100000000)
  region size 1024K, 2 young (2048K), 2 survivors (2048K)
 Metaspace       used 30997K, committed 31488K, reserved 1114112K
  class space    used 3974K, committed 4224K, reserved 1048576K
}
Event: 9.145 GC heap before
{Heap before GC invocations=8 (full 0):
 garbage-first heap   total 58368K, used 37032K [0x0000000081c00000, 0x0000000100000000)
  region size 1024K, 21 young (21504K), 2 survivors (2048K)
 Metaspace       used 35542K, committed 35968K, reserved 1114112K
  class space    used 4735K, committed 4928K, reserved 1048576K
}
Event: 9.150 GC heap after
{Heap after GC invocations=9 (full 0):
 garbage-first heap   total 58368K, used 19445K [0x0000000081c00000, 0x0000000100000000)
  region size 1024K, 3 young (3072K), 3 survivors (3072K)
 Metaspace       used 35542K, committed 35968K, reserved 1114112K
  class space    used 4735K, committed 4928K, reserved 1048576K
}
Event: 10.648 GC heap before
{Heap before GC invocations=10 (full 0):
 garbage-first heap   total 58368K, used 42997K [0x0000000081c00000, 0x0000000100000000)
  region size 1024K, 27 young (27648K), 3 survivors (3072K)
 Metaspace       used 42251K, committed 42688K, reserved 1114112K
  class space    used 5644K, committed 5824K, reserved 1048576K
}
Event: 10.654 GC heap after
{Heap after GC invocations=11 (full 0):
 garbage-first heap   total 58368K, used 21100K [0x0000000081c00000, 0x0000000100000000)
  region size 1024K, 3 young (3072K), 3 survivors (3072K)
 Metaspace       used 42251K, committed 42688K, reserved 1114112K
  class space    used 5644K, committed 5824K, reserved 1048576K
}
Event: 11.822 GC heap before
{Heap before GC invocations=11 (full 0):
 garbage-first heap   total 58368K, used 42604K [0x0000000081c00000, 0x0000000100000000)
  region size 1024K, 25 young (25600K), 3 survivors (3072K)
 Metaspace       used 48234K, committed 48768K, reserved 1114112K
  class space    used 6517K, committed 6784K, reserved 1048576K
}
Event: 11.827 GC heap after
{Heap after GC invocations=12 (full 0):
 garbage-first heap   total 58368K, used 22489K [0x0000000081c00000, 0x0000000100000000)
  region size 1024K, 3 young (3072K), 3 survivors (3072K)
 Metaspace       used 48234K, committed 48768K, reserved 1114112K
  class space    used 6517K, committed 6784K, reserved 1048576K
}
Event: 12.821 GC heap before
{Heap before GC invocations=12 (full 0):
 garbage-first heap   total 58368K, used 45017K [0x0000000081c00000, 0x0000000100000000)
  region size 1024K, 25 young (25600K), 3 survivors (3072K)
 Metaspace       used 53969K, committed 54528K, reserved 1114112K
  class space    used 7438K, committed 7744K, reserved 1048576K
}
Event: 12.826 GC heap after
{Heap after GC invocations=13 (full 0):
 garbage-first heap   total 58368K, used 23400K [0x0000000081c00000, 0x0000000100000000)
  region size 1024K, 3 young (3072K), 3 survivors (3072K)
 Metaspace       used 53969K, committed 54528K, reserved 1114112K
  class space    used 7438K, committed 7744K, reserved 1048576K
}
Event: 15.564 GC heap before
{Heap before GC invocations=13 (full 0):
 garbage-first heap   total 58368K, used 44904K [0x0000000081c00000, 0x0000000100000000)
  region size 1024K, 25 young (25600K), 3 survivors (3072K)
 Metaspace       used 58519K, committed 59072K, reserved 1114112K
  class space    used 8052K, committed 8320K, reserved 1048576K
}
Event: 15.571 GC heap after
{Heap after GC invocations=14 (full 0):
 garbage-first heap   total 58368K, used 25234K [0x0000000081c00000, 0x0000000100000000)
  region size 1024K, 3 young (3072K), 3 survivors (3072K)
 Metaspace       used 58519K, committed 59072K, reserved 1114112K
  class space    used 8052K, committed 8320K, reserved 1048576K
}
Event: 16.589 GC heap before
{Heap before GC invocations=14 (full 0):
 garbage-first heap   total 58368K, used 32402K [0x0000000081c00000, 0x0000000100000000)
  region size 1024K, 11 young (11264K), 3 survivors (3072K)
 Metaspace       used 59721K, committed 60288K, reserved 1114112K
  class space    used 8233K, committed 8512K, reserved 1048576K
}
Event: 16.596 GC heap after
{Heap after GC invocations=15 (full 0):
 garbage-first heap   total 58368K, used 25974K [0x0000000081c00000, 0x0000000100000000)
  region size 1024K, 1 young (1024K), 1 survivors (1024K)
 Metaspace       used 59721K, committed 60288K, reserved 1114112K
  class space    used 8233K, committed 8512K, reserved 1048576K
}
Event: 17.674 GC heap before
{Heap before GC invocations=16 (full 0):
 garbage-first heap   total 58368K, used 46454K [0x0000000081c00000, 0x0000000100000000)
  region size 1024K, 21 young (21504K), 1 survivors (1024K)
 Metaspace       used 62044K, committed 62592K, reserved 1114112K
  class space    used 8645K, committed 8896K, reserved 1048576K
}
Event: 17.681 GC heap after
{Heap after GC invocations=17 (full 0):
 garbage-first heap   total 58368K, used 27898K [0x0000000081c00000, 0x0000000100000000)
  region size 1024K, 3 young (3072K), 3 survivors (3072K)
 Metaspace       used 62044K, committed 62592K, reserved 1114112K
  class space    used 8645K, committed 8896K, reserved 1048576K
}

